# JRE version: OpenJDK Runtime Environment (8.0_242-b01) (build 1.8.0_242-release-1644-b01)
# Java VM: OpenJDK 64-Bit Server VM (25.242-b01 mixed mode windows-amd64 compressed oops)
Heap:
 PSYoungGen      total 330752K, used 319298K [0x00000000e0000000, 0x00000000f8580000, 0x0000000100000000)
  eden space 272896K, 100% used [0x00000000e0000000,0x00000000f0a80000,0x00000000f0a80000)
  from space 57856K, 80% used [0x00000000f4c80000,0x00000000f79d0888,0x00000000f8500000)
  to   space 62976K, 47% used [0x00000000f0a80000,0x00000000f27e93a8,0x00000000f4800000)
 ParOldGen       total 148992K, used 79099K [0x00000000a0000000, 0x00000000a9180000, 0x00000000e0000000)
  object space 148992K, 53% used [0x00000000a0000000,0x00000000a4d3ece8,0x00000000a9180000)
 Metaspace       used 86918K, capacity 90516K, committed 90776K, reserved 1128448K
  class space    used 11189K, capacity 11935K, committed 11944K, reserved 1048576K
GC Heap History (10 events):
Event: 58.256 GC heap after
Heap after GC invocations=19 (full 3):
 PSYoungGen      total 299008K, used 29157K [0x00000000e0000000, 0x00000000f6d80000, 0x0000000100000000)
  eden space 269824K, 0% used [0x00000000e0000000,0x00000000e0000000,0x00000000f0780000)
  from space 29184K, 99% used [0x00000000f3200000,0x00000000f4e794d0,0x00000000f4e80000)
  to   space 43520K, 0% used [0x00000000f0780000,0x00000000f0780000,0x00000000f3200000)
 ParOldGen       total 148992K, used 79059K [0x00000000a0000000, 0x00000000a9180000, 0x00000000e0000000)
  object space 148992K, 53% used [0x00000000a0000000,0x00000000a4d34ce8,0x00000000a9180000)
 Metaspace       used 77988K, capacity 81086K, committed 81176K, reserved 1120256K
  class space    used 10377K, capacity 11044K, committed 11048K, reserved 1048576K
}
Event: 271.705 GC heap before
{Heap before GC invocations=20 (full 3):
 PSYoungGen      total 299008K, used 298981K [0x00000000e0000000, 0x00000000f6d80000, 0x0000000100000000)
  eden space 269824K, 100% used [0x00000000e0000000,0x00000000f0780000,0x00000000f0780000)
  from space 29184K, 99% used [0x00000000f3200000,0x00000000f4e794d0,0x00000000f4e80000)
  to   space 43520K, 0% used [0x00000000f0780000,0x00000000f0780000,0x00000000f3200000)
 ParOldGen       total 148992K, used 79059K [0x00000000a0000000, 0x00000000a9180000, 0x00000000e0000000)
  object space 148992K, 53% used [0x00000000a0000000,0x00000000a4d34ce8,0x00000000a9180000)
 Metaspace       used 84657K, capacity 88056K, committed 88216K, reserved 1126400K
  class space    used 11137K, capacity 11847K, committed 11944K, reserved 1048576K
Event: 271.742 GC heap after
Heap after GC invocations=20 (full 3):
 PSYoungGen      total 313344K, used 36567K [0x00000000e0000000, 0x00000000f8300000, 0x0000000100000000)
  eden space 269824K, 0% used [0x00000000e0000000,0x00000000e0000000,0x00000000f0780000)
  from space 43520K, 84% used [0x00000000f0780000,0x00000000f2b35e78,0x00000000f3200000)
  to   space 48128K, 0% used [0x00000000f5400000,0x00000000f5400000,0x00000000f8300000)
 ParOldGen       total 148992K, used 79067K [0x00000000a0000000, 0x00000000a9180000, 0x00000000e0000000)
  object space 148992K, 53% used [0x00000000a0000000,0x00000000a4d36ce8,0x00000000a9180000)
 Metaspace       used 84657K, capacity 88056K, committed 88216K, reserved 1126400K
  class space    used 11137K, capacity 11847K, committed 11944K, reserved 1048576K
}
Event: 276.344 GC heap before
{Heap before GC invocations=21 (full 3):
 PSYoungGen      total 313344K, used 306391K [0x00000000e0000000, 0x00000000f8300000, 0x0000000100000000)
  eden space 269824K, 100% used [0x00000000e0000000,0x00000000f0780000,0x00000000f0780000)
  from space 43520K, 84% used [0x00000000f0780000,0x00000000f2b35e78,0x00000000f3200000)
  to   space 48128K, 0% used [0x00000000f5400000,0x00000000f5400000,0x00000000f8300000)
 ParOldGen       total 148992K, used 79067K [0x00000000a0000000, 0x00000000a9180000, 0x00000000e0000000)
  object space 148992K, 53% used [0x00000000a0000000,0x00000000a4d36ce8,0x00000000a9180000)
 Metaspace       used 85226K, capacity 88672K, committed 88984K, reserved 1126400K
  class space    used 11142K, capacity 11853K, committed 11944K, reserved 1048576K
Event: 276.396 GC heap after
Heap after GC invocations=21 (full 3):
 PSYoungGen      total 340992K, used 47243K [0x00000000e0000000, 0x00000000f9580000, 0x0000000100000000)
  eden space 292864K, 0% used [0x00000000e0000000,0x00000000e0000000,0x00000000f1e00000)
  from space 48128K, 98% used [0x00000000f5400000,0x00000000f8222ed8,0x00000000f8300000)
  to   space 55296K, 0% used [0x00000000f1e00000,0x00000000f1e00000,0x00000000f5400000)
 ParOldGen       total 148992K, used 79075K [0x00000000a0000000, 0x00000000a9180000, 0x00000000e0000000)
  object space 148992K, 53% used [0x00000000a0000000,0x00000000a4d38ce8,0x00000000a9180000)
 Metaspace       used 85226K, capacity 88672K, committed 88984K, reserved 1126400K
  class space    used 11142K, capacity 11853K, committed 11944K, reserved 1048576K
}
Event: 3001.744 GC heap before
{Heap before GC invocations=22 (full 3):
 PSYoungGen      total 340992K, used 340107K [0x00000000e0000000, 0x00000000f9580000, 0x0000000100000000)
  eden space 292864K, 100% used [0x00000000e0000000,0x00000000f1e00000,0x00000000f1e00000)
  from space 48128K, 98% used [0x00000000f5400000,0x00000000f8222ed8,0x00000000f8300000)
  to   space 55296K, 0% used [0x00000000f1e00000,0x00000000f1e00000,0x00000000f5400000)
 ParOldGen       total 148992K, used 79075K [0x00000000a0000000, 0x00000000a9180000, 0x00000000e0000000)
  object space 148992K, 53% used [0x00000000a0000000,0x00000000a4d38ce8,0x00000000a9180000)
 Metaspace       used 86099K, capacity 89594K, committed 89752K, reserved 1126400K
  class space    used 11159K, capacity 11880K, committed 11944K, reserved 1048576K
Event: 3001.786 GC heap after
Heap after GC invocations=22 (full 3):
 PSYoungGen      total 321536K, used 38855K [0x00000000e0000000, 0x00000000f8500000, 0x0000000100000000)
  eden space 282624K, 0% used [0x00000000e0000000,0x00000000e0000000,0x00000000f1400000)
  from space 38912K, 99% used [0x00000000f1e00000,0x00000000f43f1e88,0x00000000f4400000)
  to   space 57856K, 0% used [0x00000000f4c80000,0x00000000f4c80000,0x00000000f8500000)
 ParOldGen       total 148992K, used 79083K [0x00000000a0000000, 0x00000000a9180000, 0x00000000e0000000)
  object space 148992K, 53% used [0x00000000a0000000,0x00000000a4d3ace8,0x00000000a9180000)
 Metaspace       used 86099K, capacity 89594K, committed 89752K, reserved 1126400K
  class space    used 11159K, capacity 11880K, committed 11944K, reserved 1048576K
}
Event: 3006.641 GC heap before
{Heap before GC invocations=23 (full 3):
 PSYoungGen      total 321536K, used 321479K [0x00000000e0000000, 0x00000000f8500000, 0x0000000100000000)
  eden space 282624K, 100% used [0x00000000e0000000,0x00000000f1400000,0x00000000f1400000)
  from space 38912K, 99% used [0x00000000f1e00000,0x00000000f43f1e88,0x00000000f4400000)
  to   space 57856K, 0% used [0x00000000f4c80000,0x00000000f4c80000,0x00000000f8500000)
 ParOldGen       total 148992K, used 79083K [0x00000000a0000000, 0x00000000a9180000, 0x00000000e0000000)
  object space 148992K, 53% used [0x00000000a0000000,0x00000000a4d3ace8,0x00000000a9180000)
 Metaspace       used 86433K, capacity 90002K, committed 90264K, reserved 1128448K
  class space    used 11161K, capacity 11884K, committed 11944K, reserved 1048576K
Event: 3006.684 GC heap after
Heap after GC invocations=23 (full 3):
 PSYoungGen      total 330752K, used 46402K [0x00000000e0000000, 0x00000000f8580000, 0x0000000100000000)
  eden space 272896K, 0% used [0x00000000e0000000,0x00000000e0000000,0x00000000f0a80000)
  from space 57856K, 80% used [0x00000000f4c80000,0x00000000f79d0888,0x00000000f8500000)
  to   space 62976K, 0% used [0x00000000f0a80000,0x00000000f0a80000,0x00000000f4800000)
 ParOldGen       total 148992K, used 79091K [0x00000000a0000000, 0x00000000a9180000, 0x00000000e0000000)
  object space 148992K, 53% used [0x00000000a0000000,0x00000000a4d3cce8,0x00000000a9180000)
 Metaspace       used 86433K, capacity 90002K, committed 90264K, reserved 1128448K
  class space    used 11161K, capacity 11884K, committed 11944K, reserved 1048576K
}
Event: 3132.776 GC heap before
{Heap before GC invocations=24 (full 3):
 PSYoungGen      total 330752K, used 319298K [0x00000000e0000000, 0x00000000f8580000, 0x0000000100000000)
  eden space 272896K, 100% used [0x00000000e0000000,0x00000000f0a80000,0x00000000f0a80000)
  from space 57856K, 80% used [0x00000000f4c80000,0x00000000f79d0888,0x00000000f8500000)
  to   space 62976K, 0% used [0x00000000f0a80000,0x00000000f0a80000,0x00000000f4800000)
 ParOldGen       total 148992K, used 79091K [0x00000000a0000000, 0x00000000a9180000, 0x00000000e0000000)
  object space 148992K, 53% used [0x00000000a0000000,0x00000000a4d3cce8,0x00000000a9180000)
 Metaspace       used 86918K, capacity 90516K, committed 90776K, reserved 1128448K
  class space    used 11189K, capacity 11935K, committed 11944K, reserved 1048576K

