# JRE version: OpenJDK Runtime Environment (8.0_242-b01) (build 1.8.0_242-release-1644-b01)
# Java VM: OpenJDK 64-Bit Server VM (25.242-b01 mixed mode windows-amd64 compressed oops)
Heap:
 PSYoungGen      total 179712K, used 168119K [0x00000000e0000000, 0x00000000f0000000, 0x0000000100000000)
  eden space 123904K, 100% used [0x00000000e0000000,0x00000000e7900000,0x00000000e7900000)
  from space 55808K, 79% used [0x00000000e7900000,0x00000000ea42dea0,0x00000000eaf80000)
  to   space 60416K, 39% used [0x00000000ec500000,0x00000000edc88000,0x00000000f0000000)
 ParOldGen       total 148480K, used 131483K [0x00000000a0000000, 0x00000000a9100000, 0x00000000e0000000)
  object space 148480K, 88% used [0x00000000a0000000,0x00000000a8066c00,0x00000000a9100000)
 Metaspace       used 75384K, capacity 80384K, committed 80408K, reserved 1120256K
  class space    used 9646K, capacity 10511K, committed 10520K, reserved 1048576K
GC Heap History (10 events):
Event: 1773.652 GC heap after
Heap after GC invocations=122 (full 3):
 PSYoungGen      total 155136K, used 28272K [0x00000000e0000000, 0x00000000ed200000, 0x0000000100000000)
  eden space 109568K, 0% used [0x00000000e0000000,0x00000000e0000000,0x00000000e6b00000)
  from space 45568K, 62% used [0x00000000e6b00000,0x00000000e869c010,0x00000000e9780000)
  to   space 47104K, 0% used [0x00000000ea400000,0x00000000ea400000,0x00000000ed200000)
 ParOldGen       total 148480K, used 115738K [0x00000000a0000000, 0x00000000a9100000, 0x00000000e0000000)
  object space 148480K, 77% used [0x00000000a0000000,0x00000000a71069b8,0x00000000a9100000)
 Metaspace       used 75320K, capacity 80316K, committed 80408K, reserved 1120256K
  class space    used 9646K, capacity 10511K, committed 10520K, reserved 1048576K
}
Event: 1775.591 GC heap before
{Heap before GC invocations=123 (full 3):
 PSYoungGen      total 155136K, used 137840K [0x00000000e0000000, 0x00000000ed200000, 0x0000000100000000)
  eden space 109568K, 100% used [0x00000000e0000000,0x00000000e6b00000,0x00000000e6b00000)
  from space 45568K, 62% used [0x00000000e6b00000,0x00000000e869c010,0x00000000e9780000)
  to   space 47104K, 0% used [0x00000000ea400000,0x00000000ea400000,0x00000000ed200000)
 ParOldGen       total 148480K, used 115738K [0x00000000a0000000, 0x00000000a9100000, 0x00000000e0000000)
  object space 148480K, 77% used [0x00000000a0000000,0x00000000a71069b8,0x00000000a9100000)
 Metaspace       used 75320K, capacity 80316K, committed 80408K, reserved 1120256K
  class space    used 9646K, capacity 10511K, committed 10520K, reserved 1048576K
Event: 1775.611 GC heap after
Heap after GC invocations=123 (full 3):
 PSYoungGen      total 167424K, used 27200K [0x00000000e0000000, 0x00000000ed300000, 0x0000000100000000)
  eden space 120320K, 0% used [0x00000000e0000000,0x00000000e0000000,0x00000000e7580000)
  from space 47104K, 57% used [0x00000000ea400000,0x00000000ebe90000,0x00000000ed200000)
  to   space 47616K, 0% used [0x00000000e7580000,0x00000000e7580000,0x00000000ea400000)
 ParOldGen       total 148480K, used 116209K [0x00000000a0000000, 0x00000000a9100000, 0x00000000e0000000)
  object space 148480K, 78% used [0x00000000a0000000,0x00000000a717c568,0x00000000a9100000)
 Metaspace       used 75320K, capacity 80316K, committed 80408K, reserved 1120256K
  class space    used 9646K, capacity 10511K, committed 10520K, reserved 1048576K
}
Event: 1777.748 GC heap before
{Heap before GC invocations=124 (full 3):
 PSYoungGen      total 167424K, used 147520K [0x00000000e0000000, 0x00000000ed300000, 0x0000000100000000)
  eden space 120320K, 100% used [0x00000000e0000000,0x00000000e7580000,0x00000000e7580000)
  from space 47104K, 57% used [0x00000000ea400000,0x00000000ebe90000,0x00000000ed200000)
  to   space 47616K, 0% used [0x00000000e7580000,0x00000000e7580000,0x00000000ea400000)
 ParOldGen       total 148480K, used 116209K [0x00000000a0000000, 0x00000000a9100000, 0x00000000e0000000)
  object space 148480K, 78% used [0x00000000a0000000,0x00000000a717c568,0x00000000a9100000)
 Metaspace       used 75320K, capacity 80316K, committed 80408K, reserved 1120256K
  class space    used 9646K, capacity 10511K, committed 10520K, reserved 1048576K
Event: 1777.767 GC heap after
Heap after GC invocations=124 (full 3):
 PSYoungGen      total 167936K, used 26352K [0x00000000e0000000, 0x00000000ede00000, 0x0000000100000000)
  eden space 120320K, 0% used [0x00000000e0000000,0x00000000e0000000,0x00000000e7580000)
  from space 47616K, 55% used [0x00000000e7580000,0x00000000e8f3c010,0x00000000ea400000)
  to   space 47616K, 0% used [0x00000000eaf80000,0x00000000eaf80000,0x00000000ede00000)
 ParOldGen       total 148480K, used 116688K [0x00000000a0000000, 0x00000000a9100000, 0x00000000e0000000)
  object space 148480K, 78% used [0x00000000a0000000,0x00000000a71f43f8,0x00000000a9100000)
 Metaspace       used 75320K, capacity 80316K, committed 80408K, reserved 1120256K
  class space    used 9646K, capacity 10511K, committed 10520K, reserved 1048576K
}
Event: 1778.145 GC heap before
{Heap before GC invocations=125 (full 3):
 PSYoungGen      total 167936K, used 146672K [0x00000000e0000000, 0x00000000ede00000, 0x0000000100000000)
  eden space 120320K, 100% used [0x00000000e0000000,0x00000000e7580000,0x00000000e7580000)
  from space 47616K, 55% used [0x00000000e7580000,0x00000000e8f3c010,0x00000000ea400000)
  to   space 47616K, 0% used [0x00000000eaf80000,0x00000000eaf80000,0x00000000ede00000)
 ParOldGen       total 148480K, used 116688K [0x00000000a0000000, 0x00000000a9100000, 0x00000000e0000000)
  object space 148480K, 78% used [0x00000000a0000000,0x00000000a71f43f8,0x00000000a9100000)
 Metaspace       used 75340K, capacity 80380K, committed 80408K, reserved 1120256K
  class space    used 9646K, capacity 10511K, committed 10520K, reserved 1048576K
Event: 1778.185 GC heap after
Heap after GC invocations=125 (full 3):
 PSYoungGen      total 171520K, used 47600K [0x00000000e0000000, 0x00000000ef380000, 0x0000000100000000)
  eden space 123904K, 0% used [0x00000000e0000000,0x00000000e0000000,0x00000000e7900000)
  from space 47616K, 99% used [0x00000000eaf80000,0x00000000eddfc050,0x00000000ede00000)
  to   space 55808K, 0% used [0x00000000e7900000,0x00000000e7900000,0x00000000eaf80000)
 ParOldGen       total 148480K, used 117544K [0x00000000a0000000, 0x00000000a9100000, 0x00000000e0000000)
  object space 148480K, 79% used [0x00000000a0000000,0x00000000a72ca3f8,0x00000000a9100000)
 Metaspace       used 75340K, capacity 80380K, committed 80408K, reserved 1120256K
  class space    used 9646K, capacity 10511K, committed 10520K, reserved 1048576K
}
Event: 1780.404 GC heap before
{Heap before GC invocations=126 (full 3):
 PSYoungGen      total 171520K, used 171499K [0x00000000e0000000, 0x00000000ef380000, 0x0000000100000000)
  eden space 123904K, 99% used [0x00000000e0000000,0x00000000e78fee70,0x00000000e7900000)
  from space 47616K, 99% used [0x00000000eaf80000,0x00000000eddfc050,0x00000000ede00000)
  to   space 55808K, 0% used [0x00000000e7900000,0x00000000e7900000,0x00000000eaf80000)
 ParOldGen       total 148480K, used 117544K [0x00000000a0000000, 0x00000000a9100000, 0x00000000e0000000)
  object space 148480K, 79% used [0x00000000a0000000,0x00000000a72ca3f8,0x00000000a9100000)
 Metaspace       used 75354K, capacity 80384K, committed 80408K, reserved 1120256K
  class space    used 9646K, capacity 10511K, committed 10520K, reserved 1048576K
Event: 1780.436 GC heap after
Heap after GC invocations=126 (full 3):
 PSYoungGen      total 179712K, used 44215K [0x00000000e0000000, 0x00000000f0000000, 0x0000000100000000)
  eden space 123904K, 0% used [0x00000000e0000000,0x00000000e0000000,0x00000000e7900000)
  from space 55808K, 79% used [0x00000000e7900000,0x00000000ea42dea0,0x00000000eaf80000)
  to   space 60416K, 0% used [0x00000000ec500000,0x00000000ec500000,0x00000000f0000000)
 ParOldGen       total 148480K, used 119540K [0x00000000a0000000, 0x00000000a9100000, 0x00000000e0000000)
  object space 148480K, 80% used [0x00000000a0000000,0x00000000a74bd2a8,0x00000000a9100000)
 Metaspace       used 75354K, capacity 80384K, committed 80408K, reserved 1120256K
  class space    used 9646K, capacity 10511K, committed 10520K, reserved 1048576K
}
Event: 2492.591 GC heap before
{Heap before GC invocations=127 (full 3):
 PSYoungGen      total 179712K, used 168119K [0x00000000e0000000, 0x00000000f0000000, 0x0000000100000000)
  eden space 123904K, 100% used [0x00000000e0000000,0x00000000e7900000,0x00000000e7900000)
  from space 55808K, 79% used [0x00000000e7900000,0x00000000ea42dea0,0x00000000eaf80000)
  to   space 60416K, 0% used [0x00000000ec500000,0x00000000ec500000,0x00000000f0000000)
 ParOldGen       total 148480K, used 119540K [0x00000000a0000000, 0x00000000a9100000, 0x00000000e0000000)
  object space 148480K, 80% used [0x00000000a0000000,0x00000000a74bd2a8,0x00000000a9100000)
 Metaspace       used 75384K, capacity 80384K, committed 80408K, reserved 1120256K
  class space    used 9646K, capacity 10511K, committed 10520K, reserved 1048576K

